<?xml version="1.0" encoding="UTF-8"?>
<testsuite name="PushDownTest" tests="5" skipped="0" failures="0" errors="0" timestamp="2024-03-20T21:34:57" hostname="ubuntu" time="42.14">
  <properties/>
  <testcase name="catClassTest()" classname="PushDownTest" time="1.952"/>
  <testcase name="animalClassTest()" classname="PushDownTest" time="0.011"/>
  <testcase name="dogClassTest()" classname="PushDownTest" time="0.035"/>
  <testcase name="testPushDownBarkMethod()" classname="PushDownTest" time="38.603"/>
  <testcase name="testPushDownMeowMethod()" classname="PushDownTest" time="1.488"/>
  <system-out><![CDATA[]]></system-out>
  <system-err><![CDATA[]]></system-err>
</testsuite>
