<?xml version="1.0" encoding="UTF-8"?>
<testsuite name="MiddleManTest" tests="2" skipped="0" failures="0" errors="0" timestamp="2024-03-20T22:20:46" hostname="ubuntu" time="30.464">
  <properties/>
  <testcase name="testMethodCallExists()" classname="MiddleManTest" time="29.963"/>
  <testcase name="testMiddleManClassRemoved()" classname="MiddleManTest" time="0.493"/>
  <system-out><![CDATA[]]></system-out>
  <system-err><![CDATA[]]></system-err>
</testsuite>
