<?xml version="1.0" encoding="UTF-8"?>
<testsuite name="ExtractingTest" tests="1" skipped="0" failures="0" errors="0" timestamp="2024-03-20T21:44:24" hostname="ubuntu" time="23.67">
  <properties/>
  <testcase name="testExtractedFunction()" classname="ExtractingTest" time="23.67"/>
  <system-out><![CDATA[]]></system-out>
  <system-err><![CDATA[]]></system-err>
</testsuite>
