<?xml version="1.0" encoding="UTF-8"?>
<testsuite name="InliningTest" tests="2" skipped="0" failures="0" errors="0" timestamp="2024-03-20T22:14:03" hostname="ubuntu" time="23.658">
  <properties/>
  <testcase name="testExpressionCallIsReplacedByItsBody()" classname="InliningTest" time="22.962"/>
  <testcase name="testDeletedVariablesAndMethods()" classname="InliningTest" time="0.678"/>
  <system-out><![CDATA[]]></system-out>
  <system-err><![CDATA[]]></system-err>
</testsuite>
