<?xml version="1.0" encoding="UTF-8"?>
<testsuite name="IdentifyIssuesInCodeSnippetTest" tests="2" skipped="0" failures="0" errors="0" timestamp="2024-03-20T16:14:59" hostname="ubuntu" time="46.115">
  <properties/>
  <testcase name="testMethodAndParametersRenamed()" classname="IdentifyIssuesInCodeSnippetTest" time="45.567"/>
  <testcase name="testRedundantVariablesRemoved()" classname="IdentifyIssuesInCodeSnippetTest" time="0.541"/>
  <system-out><![CDATA[]]></system-out>
  <system-err><![CDATA[]]></system-err>
</testsuite>
