<?xml version="1.0" encoding="UTF-8"?>
<testsuite name="MovingTest" tests="4" skipped="0" failures="0" errors="0" timestamp="2024-03-20T20:50:12" hostname="ubuntu" time="47.8">
  <properties/>
  <testcase name="testStartMethodMovedToCarClass()" classname="MovingTest" time="46.313"/>
  <testcase name="carClassTest()" classname="MovingTest" time="0.404"/>
  <testcase name="driverClassTest()" classname="MovingTest" time="0.143"/>
  <testcase name="testStopMethodMovedToCarClass()" classname="MovingTest" time="0.921"/>
  <system-out><![CDATA[]]></system-out>
  <system-err><![CDATA[]]></system-err>
</testsuite>
