<?xml version="1.0" encoding="UTF-8"?>
<testsuite name="RenamingTest" tests="3" skipped="0" failures="0" errors="0" timestamp="2024-03-20T20:25:37" hostname="ubuntu" time="101.524">
  <properties/>
  <testcase name="testRenamingMethodNames()" classname="RenamingTest" time="99.629"/>
  <testcase name="studentClassTest()" classname="RenamingTest" time="0.427"/>
  <testcase name="test()" classname="RenamingTest" time="1.455"/>
  <system-out><![CDATA[]]></system-out>
  <system-err><![CDATA[]]></system-err>
</testsuite>
