<?xml version="1.0" encoding="UTF-8"?>
<testsuite name="ExtractMagicNumbersTest" tests="1" skipped="0" failures="0" errors="0" timestamp="2024-03-20T21:51:52" hostname="ubuntu" time="38.168">
  <properties/>
  <testcase name="testExtractedConstant()" classname="ExtractMagicNumbersTest" time="38.168"/>
  <system-out><![CDATA[]]></system-out>
  <system-err><![CDATA[]]></system-err>
</testsuite>
