<?xml version="1.0" encoding="UTF-8"?>
<testsuite name="FactoryMethodPatternTest" tests="2" skipped="0" failures="0" errors="0" timestamp="2024-03-20T23:30:54" hostname="ubuntu" time="36.064">
  <properties/>
  <testcase name="testAddedInvocationOfGetTransportationMethodInMainMethod()" classname="FactoryMethodPatternTest" time="35.945"/>
  <testcase name="transportationServiceFactoryClassTest()" classname="FactoryMethodPatternTest" time="0.114"/>
  <system-out><![CDATA[]]></system-out>
  <system-err><![CDATA[]]></system-err>
</testsuite>
